Original Backtest Results:
Start                                                   2007-09-19 00:00:00
End                                                     2025-02-12 00:00:00
Duration                                                 6356 days 00:00:00
Exposure Time [%]                                                 71.066454
Equity Final [$]                                               81305.960307
Equity Peak [$]                                               118446.374015
Commissions [$]                                                82172.505708
Return [%]                                                        -18.69404
Buy & Hold Return [%]                                            291.410963
Return (Ann.) [%]                                                 -1.183884
Volatility (Ann.) [%]                                              8.808697
CAGR [%]                                                          -0.817153
Sharpe Ratio                                                      -0.134399
Sortino Ratio                                                     -0.174742
Calmar Ratio                                                      -0.030293
Max. Drawdown [%]                                                 -39.08069
Avg. Drawdown [%]                                                 -2.723746
Max. Drawdown Duration                                   5108 days 00:00:00
Avg. Drawdown Duration                                    204 days 00:00:00
# Trades                                                                 55
Win Rate [%]                                                      43.636364
Best Trade [%]                                                     24.11664
Worst Trade [%]                                                    -5.63413
Avg. Trade [%]                                                     1.659493
Max. Trade Duration                                       454 days 00:00:00
Avg. Trade Duration                                        81 days 00:00:00
Profit Factor                                                      2.516555
Expectancy [%]                                                     1.849976
SQN                                                                1.998271
Kelly Criterion                                                    0.251532
_strategy                                            VolTargetEWMACrossover
_equity_curve                                Equity  DrawdownPct Drawdow...
_trades                       Size  EntryBar  ExitBar  EntryPrice  ExitP...

Monte Carlo Simulation Summary:
       Return [%]  Return (Ann.) [%]  Sharpe Ratio  Max. Drawdown [%]  # Trades  Win Rate [%]  Exposure Time [%]  Volatility (Ann.) [%]
count       10.00              10.00         10.00              10.00     10.00         10.00              10.00                  10.00
mean        23.90              -2.95         -0.15             -74.27     52.20         31.70              53.17                  59.05
std        187.91               7.04          0.19              12.17      3.16          6.44               3.19                  41.87
min        -84.15             -10.06         -0.44             -91.29     50.00         21.15              48.46                  18.31
5%         -83.40              -9.82         -0.44             -90.15     50.00         23.52              49.02                  19.90
25%        -79.40              -8.70         -0.29             -84.67     50.00         27.91              50.71                  26.52
50%        -46.46              -3.72         -0.08             -71.81     51.00         31.67              53.21                  49.48
75%        -16.26              -1.05         -0.02             -66.08     53.00         34.00              55.26                  72.98
95%        364.52               8.88          0.07             -58.56     57.30         41.30              57.62                 130.72
max        503.63              10.90          0.09             -54.80     60.00         44.00              57.98                 142.42

